<?xml version="1.0" encoding="UTF-8" ?>
<testsuite tests="9" failures="0" name="cn.yckj.crm.MenuTest" time="6.789" errors="0" skipped="0">
  <properties>
    <property name="java.runtime.name" value="Java(TM) SE Runtime Environment"/>
    <property name="sun.boot.library.path" value="D:\develop\jdk1.8\jre\bin"/>
    <property name="java.vm.version" value="25.101-b13"/>
    <property name="java.vm.vendor" value="Oracle Corporation"/>
    <property name="java.vendor.url" value="http://java.oracle.com/"/>
    <property name="path.separator" value=";"/>
    <property name="guice.disable.misplaced.annotation.check" value="true"/>
    <property name="java.vm.name" value="Java HotSpot(TM) 64-Bit Server VM"/>
    <property name="file.encoding.pkg" value="sun.io"/>
    <property name="user.script" value=""/>
    <property name="user.country" value="CN"/>
    <property name="sun.java.launcher" value="SUN_STANDARD"/>
    <property name="sun.os.patch.level" value=""/>
    <property name="java.vm.specification.name" value="Java Virtual Machine Specification"/>
    <property name="user.dir" value="D:\workspace\weixin\cn.yckj.crm"/>
    <property name="java.runtime.version" value="1.8.0_101-b13"/>
    <property name="java.awt.graphicsenv" value="sun.awt.Win32GraphicsEnvironment"/>
    <property name="java.endorsed.dirs" value="D:\develop\jdk1.8\jre\lib\endorsed"/>
    <property name="os.arch" value="amd64"/>
    <property name="java.io.tmpdir" value="C:\Users\张辉\AppData\Local\Temp\"/>
    <property name="line.separator" value="
"/>
    <property name="java.vm.specification.vendor" value="Oracle Corporation"/>
    <property name="user.variant" value=""/>
    <property name="os.name" value="Windows 10"/>
    <property name="classworlds.conf" value="D:\workspace\weixin\.metadata\.plugins\org.eclipse.m2e.launching\launches\m2conf6459761844777097588.tmp"/>
    <property name="sun.jnu.encoding" value="GBK"/>
    <property name="java.library.path" value="D:\develop\jdk1.8\bin;C:\WINDOWS\Sun\Java\bin;C:\WINDOWS\system32;C:\WINDOWS;D:/develop/jdk1.8-jre/bin/server;D:/develop/jdk1.8-jre/bin;D:/develop/jdk1.8-jre/lib/amd64;C:\ProgramData\Oracle\Java\javapath;D:\oracle\oracle_setup\software\bin;C:\Program Files (x86)\NVIDIA Corporation\PhysX\Common;C:\WINDOWS\system32;C:\WINDOWS;C:\WINDOWS\System32\Wbem;C:\WINDOWS\System32\WindowsPowerShell\v1.0\;D:\java_soft\java_soft_resourse\MySQL\bin;D:\java_soft\java_soft_resourse\bin;C:\Program Files (x86)\MySQL\MySQL Server 5.5\bin;D:\develop\Git\cmd;D:\develop\TortoiseGit\bin;D:\develop\jdk1.8\bin;C:\Users\张辉\AppData\Local\Microsoft\WindowsApps;D:\java_soft\java_soft_resource\graphviz\bin;D:\develop\tortoiseGit\bin;D:\develop\Git\bin;D:\develop\Git\cmd\;D:\develop\TortoiseGit\bin;&quot;D:\develop\jdk1.8;D:\develop\jdk1.8-jre;&quot;;D:\java_soft\java_soft_resourse\MySQL\bin;C:\Program Files (x86)\MySQL\MySQL Server 5.5\bin;;D:\java_soft\eclipse-jee-mars-R-win32-x86_64\eclipse;;."/>
    <property name="java.specification.name" value="Java Platform API Specification"/>
    <property name="java.class.version" value="52.0"/>
    <property name="sun.management.compiler" value="HotSpot 64-Bit Tiered Compilers"/>
    <property name="os.version" value="10.0"/>
    <property name="user.home" value="C:\Users\张辉"/>
    <property name="user.timezone" value="Asia/Shanghai"/>
    <property name="java.awt.printerjob" value="sun.awt.windows.WPrinterJob"/>
    <property name="java.specification.version" value="1.8"/>
    <property name="file.encoding" value="UTF-8"/>
    <property name="user.name" value="张辉"/>
    <property name="java.class.path" value="D:\develop\maven\apache-maven-3.2.5\boot\plexus-classworlds-2.5.2.jar"/>
    <property name="java.vm.specification.version" value="1.8"/>
    <property name="sun.arch.data.model" value="64"/>
    <property name="java.home" value="D:\develop\jdk1.8\jre"/>
    <property name="sun.java.command" value="org.codehaus.plexus.classworlds.launcher.Launcher -B -s D:\develop\maven\apache-maven-3.2.5\conf\settings.xml install"/>
    <property name="java.specification.vendor" value="Oracle Corporation"/>
    <property name="user.language" value="zh"/>
    <property name="awt.toolkit" value="sun.awt.windows.WToolkit"/>
    <property name="java.vm.info" value="mixed mode"/>
    <property name="java.version" value="1.8.0_101"/>
    <property name="java.ext.dirs" value="D:\develop\jdk1.8\jre\lib\ext;C:\WINDOWS\Sun\Java\lib\ext"/>
    <property name="sun.boot.class.path" value="D:\develop\jdk1.8\jre\lib\resources.jar;D:\develop\jdk1.8\jre\lib\rt.jar;D:\develop\jdk1.8\jre\lib\sunrsasign.jar;D:\develop\jdk1.8\jre\lib\jsse.jar;D:\develop\jdk1.8\jre\lib\jce.jar;D:\develop\jdk1.8\jre\lib\charsets.jar;D:\develop\jdk1.8\jre\lib\jfr.jar;D:\develop\jdk1.8\jre\classes"/>
    <property name="java.vendor" value="Oracle Corporation"/>
    <property name="maven.home" value="D:\develop\maven\apache-maven-3.2.5"/>
    <property name="file.separator" value="\"/>
    <property name="java.vendor.url.bug" value="http://bugreport.sun.com/bugreport/"/>
    <property name="sun.cpu.endian" value="little"/>
    <property name="sun.io.unicode.encoding" value="UnicodeLittle"/>
    <property name="sun.desktop" value="windows"/>
    <property name="sun.cpu.isalist" value="amd64"/>
  </properties>
  <testcase classname="cn.yckj.crm.MenuTest" name="getTemplet" time="4.521"/>
  <testcase classname="cn.yckj.crm.MenuTest" name="testGetMenu" time="0.17"/>
  <testcase classname="cn.yckj.crm.MenuTest" name="sendCustom" time="0.42"/>
  <testcase classname="cn.yckj.crm.MenuTest" name="showqrcode" time="0.357"/>
  <testcase classname="cn.yckj.crm.MenuTest" name="setTemplet" time="0.103"/>
  <testcase classname="cn.yckj.crm.MenuTest" name="send" time="0.199"/>
  <testcase classname="cn.yckj.crm.MenuTest" name="testCreateMenu" time="0.196"/>
  <testcase classname="cn.yckj.crm.MenuTest" name="ticket" time="0.522"/>
  <testcase classname="cn.yckj.crm.MenuTest" name="testAccessToken" time="0.301"/>
</testsuite>